[28-Jul-2014 14:38:19 UTC] WordPress database error Table 'wp_vxlpay.wp_vxlpay_logr' doesn't exist for query INSERT INTO `wp_vxlpay_logr` (`context`,`funcName`,`message`,`data`) VALUES ('admin','createVxlTables','Successfully created VXL error tables','unset') made by activate_plugin, do_action('activate_vxlpay/VxlpayWPplugin.php'), call_user_func_array, VxlpayWpAdmin::activate, VxlpayWpAdmin::createVxlTables, VxlpayWpAdmin::log
[28-Jul-2014 16:30:14 UTC] PHP Notice:  Undefined variable: endFirstParagraph in /Users/jenstandstad/Dropbox/Sources/vxlpay/wp-content/plugins/vxlpay/public/ClassVxlpayPlugin.php on line 191
[28-Jul-2014 16:30:48 UTC] PHP Notice:  Undefined variable: endFirstParagraph in /Users/jenstandstad/Dropbox/Sources/vxlpay/wp-content/plugins/vxlpay/public/ClassVxlpayPlugin.php on line 191
[29-Jul-2014 11:28:54 UTC] PHP Notice:  Undefined variable: endFirstParagraph in /Users/jenstandstad/Dropbox/Sources/vxlpay/wp-content/plugins/vxlpay/public/ClassVxlpayPlugin.php on line 191
[29-Jul-2014 11:28:59 UTC] PHP Notice:  Undefined variable: endFirstParagraph in /Users/jenstandstad/Dropbox/Sources/vxlpay/wp-content/plugins/vxlpay/public/ClassVxlpayPlugin.php on line 191
[29-Jul-2014 11:31:08 UTC] PHP Notice:  Use of undefined constant LSD_URL - assumed 'LSD_URL' in /Users/jenstandstad/Dropbox/Sources/vxlpay/wp-content/plugins/wp-live-server-deploy/live-server-deploy.php on line 16
[29-Jul-2014 11:31:08 UTC] PHP Notice:  Use of undefined constant LSD_DIR - assumed 'LSD_DIR' in /Users/jenstandstad/Dropbox/Sources/vxlpay/wp-content/plugins/wp-live-server-deploy/live-server-deploy.php on line 17
[29-Jul-2014 11:31:08 UTC] PHP Notice:  Use of undefined constant LSD_ARCHIVING_ENABLED - assumed 'LSD_ARCHIVING_ENABLED' in /Users/jenstandstad/Dropbox/Sources/vxlpay/wp-content/plugins/wp-live-server-deploy/live-server-deploy.php on line 19
[29-Jul-2014 11:31:08 UTC] PHP Notice:  Use of undefined constant LSD_MYSQL_DUMP_USE_EXEC - assumed 'LSD_MYSQL_DUMP_USE_EXEC' in /Users/jenstandstad/Dropbox/Sources/vxlpay/wp-content/plugins/wp-live-server-deploy/live-server-deploy.php on line 21
[29-Jul-2014 11:31:08 UTC] PHP Notice:  Use of undefined constant LSD_MYSQL_DUMP_FALLBACKS - assumed 'LSD_MYSQL_DUMP_FALLBACKS' in /Users/jenstandstad/Dropbox/Sources/vxlpay/wp-content/plugins/wp-live-server-deploy/live-server-deploy.php on line 22
[29-Jul-2014 11:31:08 UTC] PHP Notice:  Use of undefined constant LSD_FTP_MAXIMUM_CONNECTIONS - assumed 'LSD_FTP_MAXIMUM_CONNECTIONS' in /Users/jenstandstad/Dropbox/Sources/vxlpay/wp-content/plugins/wp-live-server-deploy/live-server-deploy.php on line 23
[29-Jul-2014 11:31:08 UTC] PHP Notice:  Undefined index: liveServerDeployComplete in /Users/jenstandstad/Dropbox/Sources/vxlpay/wp-content/plugins/wp-live-server-deploy/controller/automate.php on line 4
[29-Jul-2014 11:31:08 UTC] PHP Notice:  Undefined index: liveServerDeployManual in /Users/jenstandstad/Dropbox/Sources/vxlpay/wp-content/plugins/wp-live-server-deploy/view/admin.php on line 3
[29-Jul-2014 11:31:08 UTC] PHP Notice:  Use of undefined constant LSD_URL - assumed 'LSD_URL' in /Users/jenstandstad/Dropbox/Sources/vxlpay/wp-content/plugins/wp-live-server-deploy/live-server-deploy.php on line 16
[29-Jul-2014 11:31:08 UTC] PHP Notice:  Use of undefined constant LSD_DIR - assumed 'LSD_DIR' in /Users/jenstandstad/Dropbox/Sources/vxlpay/wp-content/plugins/wp-live-server-deploy/live-server-deploy.php on line 17
[29-Jul-2014 11:31:08 UTC] PHP Notice:  Use of undefined constant LSD_ARCHIVING_ENABLED - assumed 'LSD_ARCHIVING_ENABLED' in /Users/jenstandstad/Dropbox/Sources/vxlpay/wp-content/plugins/wp-live-server-deploy/live-server-deploy.php on line 19
[29-Jul-2014 11:31:08 UTC] PHP Notice:  Use of undefined constant LSD_MYSQL_DUMP_USE_EXEC - assumed 'LSD_MYSQL_DUMP_USE_EXEC' in /Users/jenstandstad/Dropbox/Sources/vxlpay/wp-content/plugins/wp-live-server-deploy/live-server-deploy.php on line 21
[29-Jul-2014 11:31:08 UTC] PHP Notice:  Use of undefined constant LSD_MYSQL_DUMP_FALLBACKS - assumed 'LSD_MYSQL_DUMP_FALLBACKS' in /Users/jenstandstad/Dropbox/Sources/vxlpay/wp-content/plugins/wp-live-server-deploy/live-server-deploy.php on line 22
[29-Jul-2014 11:31:08 UTC] PHP Notice:  Use of undefined constant LSD_FTP_MAXIMUM_CONNECTIONS - assumed 'LSD_FTP_MAXIMUM_CONNECTIONS' in /Users/jenstandstad/Dropbox/Sources/vxlpay/wp-content/plugins/wp-live-server-deploy/live-server-deploy.php on line 23
[29-Jul-2014 11:31:08 UTC] PHP Notice:  Undefined index: liveServerDeployComplete in /Users/jenstandstad/Dropbox/Sources/vxlpay/wp-content/plugins/wp-live-server-deploy/controller/automate.php on line 4
[29-Jul-2014 11:31:08 UTC] PHP Notice:  Undefined index: liveServerDeployManual in /Users/jenstandstad/Dropbox/Sources/vxlpay/wp-content/plugins/wp-live-server-deploy/view/admin.php on line 3
[29-Jul-2014 11:31:21 UTC] PHP Notice:  Use of undefined constant LSD_URL - assumed 'LSD_URL' in /Users/jenstandstad/Dropbox/Sources/vxlpay/wp-content/plugins/wp-live-server-deploy/live-server-deploy.php on line 16
[29-Jul-2014 11:31:21 UTC] PHP Notice:  Use of undefined constant LSD_DIR - assumed 'LSD_DIR' in /Users/jenstandstad/Dropbox/Sources/vxlpay/wp-content/plugins/wp-live-server-deploy/live-server-deploy.php on line 17
[29-Jul-2014 11:31:21 UTC] PHP Notice:  Use of undefined constant LSD_ARCHIVING_ENABLED - assumed 'LSD_ARCHIVING_ENABLED' in /Users/jenstandstad/Dropbox/Sources/vxlpay/wp-content/plugins/wp-live-server-deploy/live-server-deploy.php on line 19
[29-Jul-2014 11:31:21 UTC] PHP Notice:  Use of undefined constant LSD_MYSQL_DUMP_USE_EXEC - assumed 'LSD_MYSQL_DUMP_USE_EXEC' in /Users/jenstandstad/Dropbox/Sources/vxlpay/wp-content/plugins/wp-live-server-deploy/live-server-deploy.php on line 21
[29-Jul-2014 11:31:21 UTC] PHP Notice:  Use of undefined constant LSD_MYSQL_DUMP_FALLBACKS - assumed 'LSD_MYSQL_DUMP_FALLBACKS' in /Users/jenstandstad/Dropbox/Sources/vxlpay/wp-content/plugins/wp-live-server-deploy/live-server-deploy.php on line 22
[29-Jul-2014 11:31:21 UTC] PHP Notice:  Use of undefined constant LSD_FTP_MAXIMUM_CONNECTIONS - assumed 'LSD_FTP_MAXIMUM_CONNECTIONS' in /Users/jenstandstad/Dropbox/Sources/vxlpay/wp-content/plugins/wp-live-server-deploy/live-server-deploy.php on line 23
[29-Jul-2014 11:31:21 UTC] PHP Notice:  Undefined index: liveServerDeployComplete in /Users/jenstandstad/Dropbox/Sources/vxlpay/wp-content/plugins/wp-live-server-deploy/controller/automate.php on line 4
[29-Jul-2014 11:31:21 UTC] PHP Notice:  Undefined index: liveServerDeployManual in /Users/jenstandstad/Dropbox/Sources/vxlpay/wp-content/plugins/wp-live-server-deploy/view/admin.php on line 3
[29-Jul-2014 11:32:22 UTC] PHP Notice:  Use of undefined constant LSD_URL - assumed 'LSD_URL' in /Users/jenstandstad/Dropbox/Sources/vxlpay/wp-content/plugins/wp-live-server-deploy/live-server-deploy.php on line 16
[29-Jul-2014 11:32:22 UTC] PHP Notice:  Use of undefined constant LSD_DIR - assumed 'LSD_DIR' in /Users/jenstandstad/Dropbox/Sources/vxlpay/wp-content/plugins/wp-live-server-deploy/live-server-deploy.php on line 17
[29-Jul-2014 11:32:22 UTC] PHP Notice:  Use of undefined constant LSD_ARCHIVING_ENABLED - assumed 'LSD_ARCHIVING_ENABLED' in /Users/jenstandstad/Dropbox/Sources/vxlpay/wp-content/plugins/wp-live-server-deploy/live-server-deploy.php on line 19
[29-Jul-2014 11:32:22 UTC] PHP Notice:  Use of undefined constant LSD_MYSQL_DUMP_USE_EXEC - assumed 'LSD_MYSQL_DUMP_USE_EXEC' in /Users/jenstandstad/Dropbox/Sources/vxlpay/wp-content/plugins/wp-live-server-deploy/live-server-deploy.php on line 21
[29-Jul-2014 11:32:22 UTC] PHP Notice:  Use of undefined constant LSD_MYSQL_DUMP_FALLBACKS - assumed 'LSD_MYSQL_DUMP_FALLBACKS' in /Users/jenstandstad/Dropbox/Sources/vxlpay/wp-content/plugins/wp-live-server-deploy/live-server-deploy.php on line 22
[29-Jul-2014 11:32:22 UTC] PHP Notice:  Use of undefined constant LSD_FTP_MAXIMUM_CONNECTIONS - assumed 'LSD_FTP_MAXIMUM_CONNECTIONS' in /Users/jenstandstad/Dropbox/Sources/vxlpay/wp-content/plugins/wp-live-server-deploy/live-server-deploy.php on line 23
[29-Jul-2014 11:32:22 UTC] PHP Notice:  Undefined index: liveServerDeployComplete in /Users/jenstandstad/Dropbox/Sources/vxlpay/wp-content/plugins/wp-live-server-deploy/controller/automate.php on line 4
[29-Jul-2014 11:32:22 UTC] PHP Notice:  Undefined index: liveServerDeployManual in /Users/jenstandstad/Dropbox/Sources/vxlpay/wp-content/plugins/wp-live-server-deploy/view/admin.php on line 3
[29-Jul-2014 11:33:24 UTC] PHP Notice:  Use of undefined constant LSD_URL - assumed 'LSD_URL' in /Users/jenstandstad/Dropbox/Sources/vxlpay/wp-content/plugins/wp-live-server-deploy/live-server-deploy.php on line 16
[29-Jul-2014 11:33:24 UTC] PHP Notice:  Use of undefined constant LSD_DIR - assumed 'LSD_DIR' in /Users/jenstandstad/Dropbox/Sources/vxlpay/wp-content/plugins/wp-live-server-deploy/live-server-deploy.php on line 17
[29-Jul-2014 11:33:24 UTC] PHP Notice:  Use of undefined constant LSD_ARCHIVING_ENABLED - assumed 'LSD_ARCHIVING_ENABLED' in /Users/jenstandstad/Dropbox/Sources/vxlpay/wp-content/plugins/wp-live-server-deploy/live-server-deploy.php on line 19
[29-Jul-2014 11:33:24 UTC] PHP Notice:  Use of undefined constant LSD_MYSQL_DUMP_USE_EXEC - assumed 'LSD_MYSQL_DUMP_USE_EXEC' in /Users/jenstandstad/Dropbox/Sources/vxlpay/wp-content/plugins/wp-live-server-deploy/live-server-deploy.php on line 21
[29-Jul-2014 11:33:24 UTC] PHP Notice:  Use of undefined constant LSD_MYSQL_DUMP_FALLBACKS - assumed 'LSD_MYSQL_DUMP_FALLBACKS' in /Users/jenstandstad/Dropbox/Sources/vxlpay/wp-content/plugins/wp-live-server-deploy/live-server-deploy.php on line 22
[29-Jul-2014 11:33:24 UTC] PHP Notice:  Use of undefined constant LSD_FTP_MAXIMUM_CONNECTIONS - assumed 'LSD_FTP_MAXIMUM_CONNECTIONS' in /Users/jenstandstad/Dropbox/Sources/vxlpay/wp-content/plugins/wp-live-server-deploy/live-server-deploy.php on line 23
[29-Jul-2014 11:33:24 UTC] PHP Notice:  Undefined index: liveServerDeployComplete in /Users/jenstandstad/Dropbox/Sources/vxlpay/wp-content/plugins/wp-live-server-deploy/controller/automate.php on line 4
[29-Jul-2014 11:33:24 UTC] PHP Notice:  Undefined index: liveServerDeployManual in /Users/jenstandstad/Dropbox/Sources/vxlpay/wp-content/plugins/wp-live-server-deploy/view/admin.php on line 3
[29-Jul-2014 11:34:06 UTC] PHP Parse error:  syntax error, unexpected ';', expecting '=' in /Users/jenstandstad/Dropbox/Sources/vxlpay/wp-content/plugins/wp-live-server-deploy/live-server-deploy.php on line 16
[29-Jul-2014 11:34:51 UTC] PHP Notice:  Constant  already defined in /Users/jenstandstad/Dropbox/Sources/vxlpay/wp-content/plugins/wp-live-server-deploy/live-server-deploy.php on line 24
[29-Jul-2014 11:34:51 UTC] PHP Notice:  Constant  already defined in /Users/jenstandstad/Dropbox/Sources/vxlpay/wp-content/plugins/wp-live-server-deploy/live-server-deploy.php on line 26
[29-Jul-2014 11:34:51 UTC] PHP Notice:  Constant  already defined in /Users/jenstandstad/Dropbox/Sources/vxlpay/wp-content/plugins/wp-live-server-deploy/live-server-deploy.php on line 28
[29-Jul-2014 11:34:51 UTC] PHP Notice:  Constant  already defined in /Users/jenstandstad/Dropbox/Sources/vxlpay/wp-content/plugins/wp-live-server-deploy/live-server-deploy.php on line 29
[29-Jul-2014 11:34:51 UTC] PHP Notice:  Constant  already defined in /Users/jenstandstad/Dropbox/Sources/vxlpay/wp-content/plugins/wp-live-server-deploy/live-server-deploy.php on line 30
[29-Jul-2014 11:34:51 UTC] PHP Notice:  Undefined index: liveServerDeployComplete in /Users/jenstandstad/Dropbox/Sources/vxlpay/wp-content/plugins/wp-live-server-deploy/controller/automate.php on line 4
[29-Jul-2014 11:34:51 UTC] PHP Notice:  Undefined index: liveServerDeployManual in /Users/jenstandstad/Dropbox/Sources/vxlpay/wp-content/plugins/wp-live-server-deploy/view/admin.php on line 3
[29-Jul-2014 11:35:52 UTC] PHP Notice:  Undefined variable: LSD_URL in /Users/jenstandstad/Dropbox/Sources/vxlpay/wp-content/plugins/wp-live-server-deploy/live-server-deploy.php on line 18
[29-Jul-2014 11:35:52 UTC] PHP Notice:  Undefined variable: LSD_DIR in /Users/jenstandstad/Dropbox/Sources/vxlpay/wp-content/plugins/wp-live-server-deploy/live-server-deploy.php on line 19
[29-Jul-2014 11:35:52 UTC] PHP Notice:  Constant  already defined in /Users/jenstandstad/Dropbox/Sources/vxlpay/wp-content/plugins/wp-live-server-deploy/live-server-deploy.php on line 19
[29-Jul-2014 11:35:52 UTC] PHP Notice:  Undefined variable: LSD_ARCHIVING_ENABLED in /Users/jenstandstad/Dropbox/Sources/vxlpay/wp-content/plugins/wp-live-server-deploy/live-server-deploy.php on line 21
[29-Jul-2014 11:35:52 UTC] PHP Notice:  Constant  already defined in /Users/jenstandstad/Dropbox/Sources/vxlpay/wp-content/plugins/wp-live-server-deploy/live-server-deploy.php on line 21
[29-Jul-2014 11:35:52 UTC] PHP Notice:  Undefined variable: LSD_MYSQL_DUMP_USE_EXEC in /Users/jenstandstad/Dropbox/Sources/vxlpay/wp-content/plugins/wp-live-server-deploy/live-server-deploy.php on line 23
[29-Jul-2014 11:35:52 UTC] PHP Notice:  Constant  already defined in /Users/jenstandstad/Dropbox/Sources/vxlpay/wp-content/plugins/wp-live-server-deploy/live-server-deploy.php on line 23
[29-Jul-2014 11:35:52 UTC] PHP Notice:  Undefined variable: LSD_MYSQL_DUMP_FALLBACKS in /Users/jenstandstad/Dropbox/Sources/vxlpay/wp-content/plugins/wp-live-server-deploy/live-server-deploy.php on line 24
[29-Jul-2014 11:35:52 UTC] PHP Notice:  Constant  already defined in /Users/jenstandstad/Dropbox/Sources/vxlpay/wp-content/plugins/wp-live-server-deploy/live-server-deploy.php on line 24
[29-Jul-2014 11:35:52 UTC] PHP Notice:  Undefined variable: LSD_FTP_MAXIMUM_CONNECTIONS in /Users/jenstandstad/Dropbox/Sources/vxlpay/wp-content/plugins/wp-live-server-deploy/live-server-deploy.php on line 25
[29-Jul-2014 11:35:52 UTC] PHP Notice:  Constant  already defined in /Users/jenstandstad/Dropbox/Sources/vxlpay/wp-content/plugins/wp-live-server-deploy/live-server-deploy.php on line 25
[29-Jul-2014 11:35:52 UTC] PHP Notice:  Undefined index: liveServerDeployComplete in /Users/jenstandstad/Dropbox/Sources/vxlpay/wp-content/plugins/wp-live-server-deploy/controller/automate.php on line 4
[29-Jul-2014 11:35:52 UTC] PHP Notice:  Undefined variable: LSD_ARCHIVING_ENABLED in /Users/jenstandstad/Dropbox/Sources/vxlpay/wp-content/plugins/wp-live-server-deploy/live-server-deploy.php on line 29
[29-Jul-2014 11:35:52 UTC] PHP Notice:  Undefined index: liveServerDeployManual in /Users/jenstandstad/Dropbox/Sources/vxlpay/wp-content/plugins/wp-live-server-deploy/view/admin.php on line 3
[29-Jul-2014 11:37:52 UTC] PHP Notice:  Undefined variable: LSD_URL in /Users/jenstandstad/Dropbox/Sources/vxlpay/wp-content/plugins/wp-live-server-deploy/live-server-deploy.php on line 18
[29-Jul-2014 11:37:52 UTC] PHP Notice:  Undefined variable: LSD_DIR in /Users/jenstandstad/Dropbox/Sources/vxlpay/wp-content/plugins/wp-live-server-deploy/live-server-deploy.php on line 19
[29-Jul-2014 11:37:52 UTC] PHP Notice:  Constant  already defined in /Users/jenstandstad/Dropbox/Sources/vxlpay/wp-content/plugins/wp-live-server-deploy/live-server-deploy.php on line 19
[29-Jul-2014 11:37:52 UTC] PHP Notice:  Undefined variable: LSD_ARCHIVING_ENABLED in /Users/jenstandstad/Dropbox/Sources/vxlpay/wp-content/plugins/wp-live-server-deploy/live-server-deploy.php on line 21
[29-Jul-2014 11:37:52 UTC] PHP Notice:  Constant  already defined in /Users/jenstandstad/Dropbox/Sources/vxlpay/wp-content/plugins/wp-live-server-deploy/live-server-deploy.php on line 21
[29-Jul-2014 11:37:52 UTC] PHP Notice:  Undefined variable: LSD_MYSQL_DUMP_FALLBACKS in /Users/jenstandstad/Dropbox/Sources/vxlpay/wp-content/plugins/wp-live-server-deploy/live-server-deploy.php on line 23
[29-Jul-2014 11:37:52 UTC] PHP Notice:  Undefined variable:  in /Users/jenstandstad/Dropbox/Sources/vxlpay/wp-content/plugins/wp-live-server-deploy/live-server-deploy.php on line 23
[29-Jul-2014 11:37:52 UTC] PHP Notice:  Constant  already defined in /Users/jenstandstad/Dropbox/Sources/vxlpay/wp-content/plugins/wp-live-server-deploy/live-server-deploy.php on line 23
[29-Jul-2014 11:37:52 UTC] PHP Notice:  Undefined variable: LSD_MYSQL_DUMP_FALLBACKS in /Users/jenstandstad/Dropbox/Sources/vxlpay/wp-content/plugins/wp-live-server-deploy/live-server-deploy.php on line 24
[29-Jul-2014 11:37:52 UTC] PHP Notice:  Constant  already defined in /Users/jenstandstad/Dropbox/Sources/vxlpay/wp-content/plugins/wp-live-server-deploy/live-server-deploy.php on line 24
[29-Jul-2014 11:37:52 UTC] PHP Notice:  Undefined variable: LSD_FTP_MAXIMUM_CONNECTIONS in /Users/jenstandstad/Dropbox/Sources/vxlpay/wp-content/plugins/wp-live-server-deploy/live-server-deploy.php on line 25
[29-Jul-2014 11:37:52 UTC] PHP Notice:  Undefined variable:  in /Users/jenstandstad/Dropbox/Sources/vxlpay/wp-content/plugins/wp-live-server-deploy/live-server-deploy.php on line 25
[29-Jul-2014 11:37:52 UTC] PHP Notice:  Constant  already defined in /Users/jenstandstad/Dropbox/Sources/vxlpay/wp-content/plugins/wp-live-server-deploy/live-server-deploy.php on line 25
[29-Jul-2014 11:37:52 UTC] PHP Notice:  Undefined index: liveServerDeployComplete in /Users/jenstandstad/Dropbox/Sources/vxlpay/wp-content/plugins/wp-live-server-deploy/controller/automate.php on line 4
[29-Jul-2014 11:37:52 UTC] PHP Notice:  Undefined variable: LSD_ARCHIVING_ENABLED in /Users/jenstandstad/Dropbox/Sources/vxlpay/wp-content/plugins/wp-live-server-deploy/live-server-deploy.php on line 29
[29-Jul-2014 11:37:52 UTC] PHP Notice:  Undefined index: liveServerDeployManual in /Users/jenstandstad/Dropbox/Sources/vxlpay/wp-content/plugins/wp-live-server-deploy/view/admin.php on line 3
[29-Jul-2014 11:39:06 UTC] PHP Notice:  Use of undefined constant LSD_URL - assumed 'LSD_URL' in /Users/jenstandstad/Dropbox/Sources/vxlpay/wp-content/plugins/wp-live-server-deploy/live-server-deploy.php on line 16
[29-Jul-2014 11:39:06 UTC] PHP Notice:  Use of undefined constant LSD_DIR - assumed 'LSD_DIR' in /Users/jenstandstad/Dropbox/Sources/vxlpay/wp-content/plugins/wp-live-server-deploy/live-server-deploy.php on line 17
[29-Jul-2014 11:39:06 UTC] PHP Notice:  Use of undefined constant LSD_ARCHIVING_ENABLED - assumed 'LSD_ARCHIVING_ENABLED' in /Users/jenstandstad/Dropbox/Sources/vxlpay/wp-content/plugins/wp-live-server-deploy/live-server-deploy.php on line 19
[29-Jul-2014 11:39:06 UTC] PHP Notice:  Use of undefined constant LSD_MYSQL_DUMP_USE_EXEC - assumed 'LSD_MYSQL_DUMP_USE_EXEC' in /Users/jenstandstad/Dropbox/Sources/vxlpay/wp-content/plugins/wp-live-server-deploy/live-server-deploy.php on line 21
[29-Jul-2014 11:39:06 UTC] PHP Notice:  Use of undefined constant LSD_MYSQL_DUMP_FALLBACKS - assumed 'LSD_MYSQL_DUMP_FALLBACKS' in /Users/jenstandstad/Dropbox/Sources/vxlpay/wp-content/plugins/wp-live-server-deploy/live-server-deploy.php on line 22
[29-Jul-2014 11:39:06 UTC] PHP Notice:  Use of undefined constant LSD_FTP_MAXIMUM_CONNECTIONS - assumed 'LSD_FTP_MAXIMUM_CONNECTIONS' in /Users/jenstandstad/Dropbox/Sources/vxlpay/wp-content/plugins/wp-live-server-deploy/live-server-deploy.php on line 23
[29-Jul-2014 11:39:06 UTC] PHP Notice:  Undefined index: liveServerDeployComplete in /Users/jenstandstad/Dropbox/Sources/vxlpay/wp-content/plugins/wp-live-server-deploy/controller/automate.php on line 4
[29-Jul-2014 11:39:06 UTC] PHP Notice:  Undefined index: liveServerDeployManual in /Users/jenstandstad/Dropbox/Sources/vxlpay/wp-content/plugins/wp-live-server-deploy/view/admin.php on line 3
[29-Jul-2014 11:39:07 UTC] PHP Notice:  Use of undefined constant LSD_URL - assumed 'LSD_URL' in /Users/jenstandstad/Dropbox/Sources/vxlpay/wp-content/plugins/wp-live-server-deploy/live-server-deploy.php on line 16
[29-Jul-2014 11:39:07 UTC] PHP Notice:  Use of undefined constant LSD_DIR - assumed 'LSD_DIR' in /Users/jenstandstad/Dropbox/Sources/vxlpay/wp-content/plugins/wp-live-server-deploy/live-server-deploy.php on line 17
[29-Jul-2014 11:39:07 UTC] PHP Notice:  Use of undefined constant LSD_ARCHIVING_ENABLED - assumed 'LSD_ARCHIVING_ENABLED' in /Users/jenstandstad/Dropbox/Sources/vxlpay/wp-content/plugins/wp-live-server-deploy/live-server-deploy.php on line 19
[29-Jul-2014 11:39:07 UTC] PHP Notice:  Use of undefined constant LSD_MYSQL_DUMP_USE_EXEC - assumed 'LSD_MYSQL_DUMP_USE_EXEC' in /Users/jenstandstad/Dropbox/Sources/vxlpay/wp-content/plugins/wp-live-server-deploy/live-server-deploy.php on line 21
[29-Jul-2014 11:39:07 UTC] PHP Notice:  Use of undefined constant LSD_MYSQL_DUMP_FALLBACKS - assumed 'LSD_MYSQL_DUMP_FALLBACKS' in /Users/jenstandstad/Dropbox/Sources/vxlpay/wp-content/plugins/wp-live-server-deploy/live-server-deploy.php on line 22
[29-Jul-2014 11:39:07 UTC] PHP Notice:  Use of undefined constant LSD_FTP_MAXIMUM_CONNECTIONS - assumed 'LSD_FTP_MAXIMUM_CONNECTIONS' in /Users/jenstandstad/Dropbox/Sources/vxlpay/wp-content/plugins/wp-live-server-deploy/live-server-deploy.php on line 23
[29-Jul-2014 11:39:07 UTC] PHP Notice:  Undefined index: liveServerDeployComplete in /Users/jenstandstad/Dropbox/Sources/vxlpay/wp-content/plugins/wp-live-server-deploy/controller/automate.php on line 4
[29-Jul-2014 11:39:07 UTC] PHP Notice:  Undefined index: liveServerDeployManual in /Users/jenstandstad/Dropbox/Sources/vxlpay/wp-content/plugins/wp-live-server-deploy/view/admin.php on line 3
[29-Jul-2014 11:40:11 UTC] PHP Notice:  Undefined index: liveServerDeployComplete in /Users/jenstandstad/Dropbox/Sources/vxlpay/wp-content/plugins/wp-live-server-deploy/controller/automate.php on line 4
[29-Jul-2014 11:40:11 UTC] PHP Notice:  Undefined index: liveServerDeployManual in /Users/jenstandstad/Dropbox/Sources/vxlpay/wp-content/plugins/wp-live-server-deploy/view/admin.php on line 3
[29-Jul-2014 11:40:17 UTC] PHP Notice:  Undefined index: liveServerDeployComplete in /Users/jenstandstad/Dropbox/Sources/vxlpay/wp-content/plugins/wp-live-server-deploy/controller/automate.php on line 4
[29-Jul-2014 11:40:17 UTC] PHP Notice:  Undefined index: liveServerDeployManual in /Users/jenstandstad/Dropbox/Sources/vxlpay/wp-content/plugins/wp-live-server-deploy/view/admin.php on line 3
[29-Jul-2014 11:41:22 UTC] PHP Notice:  Undefined index: liveServerDeployComplete in /Users/jenstandstad/Dropbox/Sources/vxlpay/wp-content/plugins/wp-live-server-deploy/controller/automate.php on line 4
[29-Jul-2014 11:41:22 UTC] PHP Notice:  Undefined index: liveServerDeployManual in /Users/jenstandstad/Dropbox/Sources/vxlpay/wp-content/plugins/wp-live-server-deploy/view/admin.php on line 3
[29-Jul-2014 11:42:20 UTC] PHP Parse error:  syntax error, unexpected 'if' (T_IF) in /Users/jenstandstad/Dropbox/Sources/vxlpay/wp-content/plugins/wp-live-server-deploy/controller/automate.php on line 4
[29-Jul-2014 11:42:48 UTC] PHP Parse error:  syntax error, unexpected 'if' (T_IF) in /Users/jenstandstad/Dropbox/Sources/vxlpay/wp-content/plugins/wp-live-server-deploy/controller/automate.php on line 4
[29-Jul-2014 11:44:02 UTC] PHP Parse error:  syntax error, unexpected 'if' (T_IF) in /Users/jenstandstad/Dropbox/Sources/vxlpay/wp-content/plugins/wp-live-server-deploy/controller/automate.php on line 4
[29-Jul-2014 11:44:03 UTC] PHP Parse error:  syntax error, unexpected 'if' (T_IF) in /Users/jenstandstad/Dropbox/Sources/vxlpay/wp-content/plugins/wp-live-server-deploy/controller/automate.php on line 4
[06-Aug-2014 12:18:47 UTC] PHP Parse error:  syntax error, unexpected 'include' (T_INCLUDE) in /Users/jenstandstad/Dropbox/Sources/vxlpay/wp-content/plugins/wp-live-server-deploy/live-server-deploy.php on line 17
[06-Aug-2014 12:18:50 UTC] PHP Parse error:  syntax error, unexpected 'include' (T_INCLUDE) in /Users/jenstandstad/Dropbox/Sources/vxlpay/wp-content/plugins/wp-live-server-deploy/live-server-deploy.php on line 17
[06-Aug-2014 12:18:54 UTC] PHP Parse error:  syntax error, unexpected 'include' (T_INCLUDE) in /Users/jenstandstad/Dropbox/Sources/vxlpay/wp-content/plugins/wp-live-server-deploy/live-server-deploy.php on line 17
[06-Aug-2014 12:18:56 UTC] PHP Parse error:  syntax error, unexpected 'include' (T_INCLUDE) in /Users/jenstandstad/Dropbox/Sources/vxlpay/wp-content/plugins/wp-live-server-deploy/live-server-deploy.php on line 17
[06-Aug-2014 12:19:28 UTC] PHP Notice:  Undefined variable: first_name in /Users/jenstandstad/Dropbox/Sources/vxlpay/wp-content/plugins/vxlpay/admin/ClassVxlpayWPAdmin.php on line 331
[06-Aug-2014 12:19:28 UTC] PHP Notice:  Undefined variable: title in /Users/jenstandstad/Dropbox/Sources/vxlpay/wp-content/plugins/vxlpay/admin/ClassVxlpayWPAdmin.php on line 332
[06-Aug-2014 12:19:28 UTC] PHP Notice:  Undefined variable: institution in /Users/jenstandstad/Dropbox/Sources/vxlpay/wp-content/plugins/vxlpay/admin/ClassVxlpayWPAdmin.php on line 333
[06-Aug-2014 12:19:28 UTC] PHP Notice:  Undefined variable: age in /Users/jenstandstad/Dropbox/Sources/vxlpay/wp-content/plugins/vxlpay/admin/ClassVxlpayWPAdmin.php on line 334
[06-Aug-2014 12:19:28 UTC] PHP Notice:  Undefined variable: email in /Users/jenstandstad/Dropbox/Sources/vxlpay/wp-content/plugins/vxlpay/admin/ClassVxlpayWPAdmin.php on line 335
[06-Aug-2014 12:19:28 UTC] PHP Notice:  Undefined variable: phone in /Users/jenstandstad/Dropbox/Sources/vxlpay/wp-content/plugins/vxlpay/admin/ClassVxlpayWPAdmin.php on line 336
[06-Aug-2014 12:19:28 UTC] PHP Notice:  Undefined variable: fields_string in /Users/jenstandstad/Dropbox/Sources/vxlpay/wp-content/plugins/vxlpay/admin/ClassVxlpayWPAdmin.php on line 341
[06-Aug-2014 12:23:17 UTC] PHP Notice:  Undefined variable: endFirstParagraph in /Users/jenstandstad/Dropbox/Sources/vxlpay/wp-content/plugins/vxlpay/public/ClassVxlpayPlugin.php on line 191
[06-Aug-2014 12:23:20 UTC] PHP Notice:  Undefined variable: endFirstParagraph in /Users/jenstandstad/Dropbox/Sources/vxlpay/wp-content/plugins/vxlpay/public/ClassVxlpayPlugin.php on line 191
